<?xml version="1.0" encoding="UTF-8"?>
<testng-results ignored="0" total="3" passed="3" failed="0" skipped="0">
  <reporter-output>
  </reporter-output>
  <suite started-at="2019-08-25T19:06:23 EDT" name="Suite1" finished-at="2019-08-25T19:06:23 EDT" duration-ms="32">
    <groups>
    </groups>
    <test started-at="2019-08-25T19:06:23 EDT" name="Test1" finished-at="2019-08-25T19:06:23 EDT" duration-ms="32">
      <class name="demo.TestNGParametersDemo">
        <test-method signature="test1(java.lang.String)[pri:0, instance:demo.TestNGParametersDemo@4b5a5ed1]" started-at="2019-08-25T19:06:23 EDT" name="test1" finished-at="2019-08-25T19:06:23 EDT" duration-ms="6" status="PASS">
          <params>
            <param index="0">
              <value>
                <![CDATA[Automation]]>
              </value>
            </param>
          </params>
          <reporter-output>
          </reporter-output>
        </test-method> <!-- test1 -->
        <test-method signature="test2(java.lang.String)[pri:0, instance:demo.TestNGParametersDemo@4b5a5ed1]" started-at="2019-08-25T19:06:23 EDT" name="test2" finished-at="2019-08-25T19:06:23 EDT" duration-ms="1" status="PASS">
          <params>
            <param index="0">
              <value>
                <![CDATA[Automation]]>
              </value>
            </param>
          </params>
          <reporter-output>
          </reporter-output>
        </test-method> <!-- test2 -->
        <test-method signature="test3(java.lang.String)[pri:0, instance:demo.TestNGParametersDemo@4b5a5ed1]" started-at="2019-08-25T19:06:23 EDT" name="test3" finished-at="2019-08-25T19:06:23 EDT" duration-ms="0" status="PASS">
          <params>
            <param index="0">
              <value>
                <![CDATA[Automation]]>
              </value>
            </param>
          </params>
          <reporter-output>
          </reporter-output>
        </test-method> <!-- test3 -->
      </class> <!-- demo.TestNGParametersDemo -->
    </test> <!-- Test1 -->
  </suite> <!-- Suite1 -->
</testng-results>
