<?xml version="1.0" encoding="UTF-8"?>
<!-- Generated by org.testng.reporters.JUnitXMLReporter -->
<testsuite hostname="MichaelVu-PC" ignored="0" name="Default test" tests="3" failures="0" timestamp="2019-08-26T16:32:32 EDT" time="14.32" errors="0">
  <testcase name="test1" time="2.771" classname="utils.ExcelDataProvider"/>
  <testcase name="test1" time="2.18" classname="utils.ExcelDataProvider"/>
  <testcase name="test1" time="2.192" classname="utils.ExcelDataProvider"/>
</testsuite> <!-- Default test -->
