<?xml version="1.0" encoding="UTF-8"?>
<!-- Generated by org.testng.reporters.JUnitXMLReporter -->
<testsuite ignored="0" hostname="MichaelVu-PC" failures="0" tests="3" name="Default test" time="0.031" errors="0" timestamp="2019-08-25T19:02:47 EDT">
  <testcase classname="demo.TestNGParametersDemo" name="test1" time="0.005"/>
  <testcase classname="demo.TestNGParametersDemo" name="test2" time="0.0"/>
  <testcase classname="demo.TestNGParametersDemo" name="test3" time="0.001"/>
</testsuite> <!-- Default test -->
