<?xml version="1.0" encoding="UTF-8"?>
<!-- Generated by org.testng.reporters.JUnitXMLReporter -->
<testsuite ignored="0" hostname="MichaelVu-PC" failures="0" tests="3" name="TestOnChrome" time="14.381" errors="0" timestamp="2019-08-25T13:05:11 EDT">
  <testcase classname="demo.TestNGMultiBrowserDemo" name="test1" time="4.741"/>
  <testcase classname="demo.TestNGMultiBrowserDemo" name="test1" time="4.951"/>
  <testcase classname="demo.TestNGMultiBrowserDemo" name="test1" time="4.556"/>
</testsuite> <!-- TestOnChrome -->
