<?xml version="1.0" encoding="UTF-8"?>
<!-- Generated by org.testng.reporters.JUnitXMLReporter -->
<testsuite ignored="0" hostname="MichaelVu-PC" failures="0" tests="4" name="Test1" time="0.032" errors="0" timestamp="2019-08-25T19:35:36 EDT">
  <testcase classname="demo.TestNGGroupsDemo" name="test1" time="0.005"/>
  <testcase classname="demo.TestNGGroupsDemo" name="test2" time="0.001"/>
  <testcase classname="demo.TestNGGroupsDemo" name="test3" time="0.001"/>
  <testcase classname="demo.TestNGGroupsDemo" name="test4" time="0.001"/>
</testsuite> <!-- Test1 -->
