<?xml version="1.0" encoding="UTF-8"?>
<!-- Generated by org.testng.reporters.JUnitXMLReporter -->
<testsuite ignored="0" hostname="MichaelVu-PC" failures="0" tests="3" name="TestNGRetryFailedDemo" time="0.031" errors="0" timestamp="2019-08-26T01:02:20 EDT">
  <testcase classname="demo.TestNGRetryFailedDemo" name="test1" time="0.006"/>
  <testcase classname="demo.TestNGRetryFailedDemo" name="test2" time="0.001"/>
  <testcase classname="demo.TestNGRetryFailedDemo" name="test3" time="0.001"/>
</testsuite> <!-- TestNGRetryFailedDemo -->
